<?xml version="1.0" encoding="UTF-8"?>
<robot generator="Robot 4.1.1 (Python 3.9.7 on darwin)" generated="20211203 14:53:59.803" rpa="false" schemaversion="2">
<suite id="s1" name="Validate Schedule" source="/Users/julianaantunesmachado/GitHub/sky-qa-web-test/Test/Functional/Validate_Schedule.robot">
<test id="s1-t1" name="Text and time in the schedule need to be the same in the modal">
<kw name="Open Session">
<kw name="Open Browser" library="SeleniumLibrary">
<arg>${url}</arg>
<arg>${browser}</arg>
<doc>Opens a new browser instance to the optional ``url``.</doc>
<msg timestamp="20211203 14:54:00.170" level="INFO">Opening browser 'firefox' to base url 'http://www.sky.com.br/'.</msg>
<msg timestamp="20211203 14:54:00.175" level="INFO">Firefox driver log is always forced to to: /Users/julianaantunesmachado/GitHub/sky-qa-web-test/Test/Functional/results/geckodriver-1.log</msg>
<status status="PASS" starttime="20211203 14:54:00.170" endtime="20211203 14:54:08.408"/>
</kw>
<kw name="Sleep" library="BuiltIn">
<arg>2</arg>
<doc>Pauses the test executed for the given time.</doc>
<msg timestamp="20211203 14:54:10.411" level="INFO">Slept 2 seconds</msg>
<status status="PASS" starttime="20211203 14:54:08.409" endtime="20211203 14:54:10.411"/>
</kw>
<status status="PASS" starttime="20211203 14:54:00.169" endtime="20211203 14:54:10.412"/>
</kw>
<kw name="Click Button" library="SeleniumLibrary">
<arg>xpath:(//button)[18]</arg>
<doc>Clicks the button identified by ``locator``.</doc>
<msg timestamp="20211203 14:54:10.415" level="INFO">Clicking button 'xpath:(//button)[18]'.</msg>
<status status="PASS" starttime="20211203 14:54:10.413" endtime="20211203 14:54:10.741"/>
</kw>
<kw name="Sleep" library="BuiltIn">
<arg>8</arg>
<doc>Pauses the test executed for the given time.</doc>
<msg timestamp="20211203 14:54:18.743" level="INFO">Slept 8 seconds</msg>
<status status="PASS" starttime="20211203 14:54:10.742" endtime="20211203 14:54:18.744"/>
</kw>
<kw name="Page Should Contain" library="SeleniumLibrary">
<arg>Programação</arg>
<doc>Verifies that current page contains ``text``.</doc>
<msg timestamp="20211203 14:54:18.923" level="INFO">Current page contains text 'Programação'.</msg>
<status status="PASS" starttime="20211203 14:54:18.744" endtime="20211203 14:54:18.923"/>
</kw>
<kw name="Wait Until Element Is Enabled" library="SeleniumLibrary">
<arg>(//a)[@href="/programacao"]</arg>
<doc>Waits until the element ``locator`` is enabled.</doc>
<status status="PASS" starttime="20211203 14:54:18.924" endtime="20211203 14:54:19.007"/>
</kw>
<kw name="Click Link" library="SeleniumLibrary">
<arg>(//a)[@href="/programacao"]</arg>
<doc>Clicks a link identified by ``locator``.</doc>
<msg timestamp="20211203 14:54:19.010" level="INFO">Clicking link '(//a)[@href="/programacao"]'.</msg>
<status status="PASS" starttime="20211203 14:54:19.008" endtime="20211203 14:54:21.263"/>
</kw>
<kw name="Wait Until Element Is Enabled" library="SeleniumLibrary">
<arg>(//div)[contains(@class, 'schedule-live')][1]/div/h2</arg>
<doc>Waits until the element ``locator`` is enabled.</doc>
<status status="PASS" starttime="20211203 14:54:21.263" endtime="20211203 14:54:23.686"/>
</kw>
<kw name="Get Text" library="SeleniumLibrary">
<var>${live-now}</var>
<arg>(//div)[contains(@class, 'schedule-live')][1]/div/h2</arg>
<doc>Returns the text value of the element identified by ``locator``.</doc>
<msg timestamp="20211203 14:54:23.780" level="INFO">${live-now} = MISTÉRIOS DO DETETIVE MURDOCH</msg>
<status status="PASS" starttime="20211203 14:54:23.687" endtime="20211203 14:54:23.780"/>
</kw>
<kw name="Capture Page Screenshot" library="SeleniumLibrary">
<doc>Takes a screenshot of the current page and embeds it into a log file.</doc>
<msg timestamp="20211203 14:54:24.082" level="INFO" html="true">&lt;/td&gt;&lt;/tr&gt;&lt;tr&gt;&lt;td colspan="3"&gt;&lt;a href="selenium-screenshot-1.png"&gt;&lt;img src="selenium-screenshot-1.png" width="800px"&gt;&lt;/a&gt;</msg>
<status status="PASS" starttime="20211203 14:54:23.781" endtime="20211203 14:54:24.082"/>
</kw>
<kw name="Click Element" library="SeleniumLibrary">
<arg>(//div)[contains(@class, 'schedule-live')][1]/div/h2</arg>
<doc>Click the element identified by ``locator``.</doc>
<msg timestamp="20211203 14:54:24.083" level="INFO">Clicking element '(//div)[contains(@class, 'schedule-live')][1]/div/h2'.</msg>
<status status="PASS" starttime="20211203 14:54:24.083" endtime="20211203 14:54:24.447"/>
</kw>
<kw name="Wait Until Element Is Visible" library="SeleniumLibrary">
<arg>(//div)[contains(@class, 'sky-modal-program-title')]/h2</arg>
<doc>Waits until the element ``locator`` is visible.</doc>
<status status="PASS" starttime="20211203 14:54:24.448" endtime="20211203 14:54:25.421"/>
</kw>
<kw name="Get Text" library="SeleniumLibrary">
<var>${program-name}</var>
<arg>(//div)[contains(@class, 'sky-modal-program-title')]/h2</arg>
<doc>Returns the text value of the element identified by ``locator``.</doc>
<msg timestamp="20211203 14:54:25.448" level="INFO">${program-name} = MISTÉRIOS DO DETETIVE MURDOCH</msg>
<status status="PASS" starttime="20211203 14:54:25.422" endtime="20211203 14:54:25.448"/>
</kw>
<kw name="Capture Page Screenshot" library="SeleniumLibrary">
<doc>Takes a screenshot of the current page and embeds it into a log file.</doc>
<msg timestamp="20211203 14:54:25.682" level="INFO" html="true">&lt;/td&gt;&lt;/tr&gt;&lt;tr&gt;&lt;td colspan="3"&gt;&lt;a href="selenium-screenshot-2.png"&gt;&lt;img src="selenium-screenshot-2.png" width="800px"&gt;&lt;/a&gt;</msg>
<status status="PASS" starttime="20211203 14:54:25.452" endtime="20211203 14:54:25.683"/>
</kw>
<kw name="Should Be Equal" library="BuiltIn">
<arg>${live-now}</arg>
<arg>${program-name}</arg>
<doc>Fails if the given objects are unequal.</doc>
<status status="PASS" starttime="20211203 14:54:25.683" endtime="20211203 14:54:25.685"/>
</kw>
<status status="PASS" starttime="20211203 14:54:00.168" endtime="20211203 14:54:25.686"/>
</test>
<status status="PASS" starttime="20211203 14:53:59.805" endtime="20211203 14:54:25.689"/>
</suite>
<statistics>
<total>
<stat pass="1" fail="0" skip="0">All Tests</stat>
</total>
<tag>
</tag>
<suite>
<stat pass="1" fail="0" skip="0" id="s1" name="Validate Schedule">Validate Schedule</stat>
</suite>
</statistics>
<errors>
</errors>
</robot>
