<?xml version="1.0" encoding="UTF-8"?>
<robot generator="Robot 4.1.1 (Python 3.9.7 on darwin)" generated="20211203 15:30:44.399" rpa="false" schemaversion="2">
<suite id="s1" name="Validate Schedule" source="/Users/julianaantunesmachado/GitHub/sky-qa-web-test/Test/Functional/Test-Case/Validate_Schedule.robot">
<test id="s1-t1" name="Text and time in the schedule need to be the same in the modal">
<kw name="Open Session" library="resource" type="SETUP">
<kw name="Open Browser" library="SeleniumLibrary">
<arg>${url}</arg>
<arg>${browser}</arg>
<doc>Opens a new browser instance to the optional ``url``.</doc>
<msg timestamp="20211203 15:30:44.764" level="INFO">Opening browser 'firefox' to base url 'http://www.sky.com.br/'.</msg>
<msg timestamp="20211203 15:30:44.765" level="INFO">Firefox driver log is always forced to to: /Users/julianaantunesmachado/GitHub/sky-qa-web-test/Test/Functional/results/geckodriver-4.log</msg>
<status status="PASS" starttime="20211203 15:30:44.763" endtime="20211203 15:30:58.044"/>
</kw>
<kw name="Sleep" library="BuiltIn">
<arg>2</arg>
<doc>Pauses the test executed for the given time.</doc>
<msg timestamp="20211203 15:31:00.050" level="INFO">Slept 2 seconds</msg>
<status status="PASS" starttime="20211203 15:30:58.046" endtime="20211203 15:31:00.050"/>
</kw>
<status status="PASS" starttime="20211203 15:30:44.762" endtime="20211203 15:31:00.050"/>
</kw>
<kw name="Given user is on the home Page" library="home">
<kw name="Title Should Be" library="SeleniumLibrary">
<arg>${HOME_TITLE}</arg>
<doc>Verifies that the current page title equals ``title``.</doc>
<msg timestamp="20211203 15:31:00.059" level="INFO">Page title is 'SKY: A gente se diverte junto! | SKY - Sky'.</msg>
<status status="PASS" starttime="20211203 15:31:00.052" endtime="20211203 15:31:00.059"/>
</kw>
<status status="PASS" starttime="20211203 15:31:00.051" endtime="20211203 15:31:00.059"/>
</kw>
<kw name="When user close the popup" library="home">
<kw name="Click Button" library="SeleniumLibrary">
<arg>${HOME_CLOSE_POPUP}</arg>
<doc>Clicks the button identified by ``locator``.</doc>
<msg timestamp="20211203 15:31:00.061" level="INFO">Clicking button 'xpath:(//button)[18]'.</msg>
<status status="PASS" starttime="20211203 15:31:00.060" endtime="20211203 15:31:00.454"/>
</kw>
<kw name="Sleep" library="BuiltIn">
<arg>8</arg>
<doc>Pauses the test executed for the given time.</doc>
<msg timestamp="20211203 15:31:08.458" level="INFO">Slept 8 seconds</msg>
<status status="PASS" starttime="20211203 15:31:00.455" endtime="20211203 15:31:08.458"/>
</kw>
<kw name="Page Should Contain" library="SeleniumLibrary">
<arg>${HOME_SCHEDULE_TEXT}</arg>
<doc>Verifies that current page contains ``text``.</doc>
<msg timestamp="20211203 15:31:08.486" level="INFO">Current page contains text 'Programação'.</msg>
<status status="PASS" starttime="20211203 15:31:08.459" endtime="20211203 15:31:08.486"/>
</kw>
<kw name="Wait Until Element Is Enabled" library="SeleniumLibrary">
<arg>${HOME_SCHEDULE_LINK}</arg>
<doc>Waits until the element ``locator`` is enabled.</doc>
<status status="PASS" starttime="20211203 15:31:08.486" endtime="20211203 15:31:08.517"/>
</kw>
<status status="PASS" starttime="20211203 15:31:00.060" endtime="20211203 15:31:08.517"/>
</kw>
<kw name="And user goes to schedule" library="home">
<kw name="Click Link" library="SeleniumLibrary">
<arg>${HOME_SCHEDULE_LINK}</arg>
<doc>Clicks a link identified by ``locator``.</doc>
<msg timestamp="20211203 15:31:08.519" level="INFO">Clicking link '(//a)[@href="/programacao"]'.</msg>
<status status="PASS" starttime="20211203 15:31:08.518" endtime="20211203 15:31:25.870"/>
</kw>
<status status="PASS" starttime="20211203 15:31:08.517" endtime="20211203 15:31:25.870"/>
</kw>
<kw name="Wait Until Element Is Enabled" library="SeleniumLibrary">
<arg>(//div)[contains(@class, 'schedule-live')][1]/div/h2</arg>
<doc>Waits until the element ``locator`` is enabled.</doc>
<status status="PASS" starttime="20211203 15:31:25.871" endtime="20211203 15:31:26.076"/>
</kw>
<kw name="Get Text" library="SeleniumLibrary">
<var>${live-now}</var>
<arg>(//div)[contains(@class, 'schedule-live')][1]/div/h2</arg>
<doc>Returns the text value of the element identified by ``locator``.</doc>
<msg timestamp="20211203 15:31:26.140" level="INFO">${live-now} = MISTÉRIOS DO DETETIVE MURDOCH</msg>
<status status="PASS" starttime="20211203 15:31:26.077" endtime="20211203 15:31:26.140"/>
</kw>
<kw name="Click Element" library="SeleniumLibrary">
<arg>(//div)[contains(@class, 'schedule-live')][1]/div/h2</arg>
<doc>Click the element identified by ``locator``.</doc>
<msg timestamp="20211203 15:31:26.143" level="INFO">Clicking element '(//div)[contains(@class, 'schedule-live')][1]/div/h2'.</msg>
<status status="PASS" starttime="20211203 15:31:26.142" endtime="20211203 15:31:26.636"/>
</kw>
<kw name="Wait Until Element Is Visible" library="SeleniumLibrary">
<arg>(//div)[contains(@class, 'sky-modal-program-title')]/h2</arg>
<doc>Waits until the element ``locator`` is visible.</doc>
<status status="PASS" starttime="20211203 15:31:26.636" endtime="20211203 15:31:27.735"/>
</kw>
<kw name="Get Text" library="SeleniumLibrary">
<var>${program-name}</var>
<arg>(//div)[contains(@class, 'sky-modal-program-title')]/h2</arg>
<doc>Returns the text value of the element identified by ``locator``.</doc>
<msg timestamp="20211203 15:31:27.759" level="INFO">${program-name} = MISTÉRIOS DO DETETIVE MURDOCH</msg>
<status status="PASS" starttime="20211203 15:31:27.735" endtime="20211203 15:31:27.759"/>
</kw>
<kw name="Should Be Equal" library="BuiltIn">
<arg>${live-now}</arg>
<arg>${program-name}</arg>
<doc>Fails if the given objects are unequal.</doc>
<status status="PASS" starttime="20211203 15:31:27.760" endtime="20211203 15:31:27.761"/>
</kw>
<kw name="Close Session" library="resource" type="TEARDOWN">
<kw name="Sleep" library="BuiltIn">
<arg>2</arg>
<doc>Pauses the test executed for the given time.</doc>
<msg timestamp="20211203 15:31:29.763" level="INFO">Slept 2 seconds</msg>
<status status="PASS" starttime="20211203 15:31:27.762" endtime="20211203 15:31:29.763"/>
</kw>
<kw name="Capture Page Screenshot" library="SeleniumLibrary">
<doc>Takes a screenshot of the current page and embeds it into a log file.</doc>
<msg timestamp="20211203 15:31:29.950" level="INFO" html="true">&lt;/td&gt;&lt;/tr&gt;&lt;tr&gt;&lt;td colspan="3"&gt;&lt;a href="selenium-screenshot-6.png"&gt;&lt;img src="selenium-screenshot-6.png" width="800px"&gt;&lt;/a&gt;</msg>
<status status="PASS" starttime="20211203 15:31:29.764" endtime="20211203 15:31:29.950"/>
</kw>
<kw name="Close Browser" library="SeleniumLibrary">
<doc>Closes the current browser.</doc>
<status status="PASS" starttime="20211203 15:31:29.950" endtime="20211203 15:31:31.824"/>
</kw>
<status status="PASS" starttime="20211203 15:31:27.761" endtime="20211203 15:31:31.824"/>
</kw>
<status status="PASS" starttime="20211203 15:30:44.761" endtime="20211203 15:31:31.825"/>
</test>
<status status="PASS" starttime="20211203 15:30:44.401" endtime="20211203 15:31:31.829"/>
</suite>
<statistics>
<total>
<stat pass="1" fail="0" skip="0">All Tests</stat>
</total>
<tag>
</tag>
<suite>
<stat pass="1" fail="0" skip="0" id="s1" name="Validate Schedule">Validate Schedule</stat>
</suite>
</statistics>
<errors>
</errors>
</robot>
